<?xml version="1.0" encoding="UTF-8"?>
<testng-results ignored="2" total="4" passed="2" failed="0" skipped="0">
  <reporter-output>
  </reporter-output>
  <suite started-at="2026-01-02T11:56:37 IST" name="Suite" finished-at="2026-01-02T11:56:45 IST" duration-ms="8316">
    <groups>
      <group name="regression">
        <method signature="LoginTest.verifyTheUserIsAbleToLoginWithValidCredentials()[pri:1, instance:testscript.LoginTest@5f049ea1]" name="verifyTheUserIsAbleToLoginWithValidCredentials" class="testscript.LoginTest"/>
      </group> <!-- regression -->
    </groups>
    <test started-at="2026-01-02T11:56:37 IST" name="Test" finished-at="2026-01-02T11:56:45 IST" duration-ms="8316">
      <class name="testscript.LoginTest">
        <test-method is-config="true" signature="browserInitialization(java.lang.String)[pri:0, instance:testscript.LoginTest@5f049ea1]" started-at="2026-01-02T11:56:37 IST" name="browserInitialization" finished-at="2026-01-02T11:56:40 IST" duration-ms="2979" status="PASS">
          <params>
            <param index="0">
              <value>
                <![CDATA[chrome]]>
              </value>
            </param>
          </params>
          <reporter-output>
          </reporter-output>
        </test-method> <!-- browserInitialization -->
        <test-method signature="verifyTheUserIsAbleToLoginWithValidCredentials()[pri:1, instance:testscript.LoginTest@5f049ea1]" started-at="2026-01-02T11:56:40 IST" name="verifyTheUserIsAbleToLoginWithValidCredentials" finished-at="2026-01-02T11:56:42 IST" duration-ms="2212" status="PASS">
          <reporter-output>
          </reporter-output>
        </test-method> <!-- verifyTheUserIsAbleToLoginWithValidCredentials -->
        <test-method is-config="true" signature="browserQuit(org.testng.ITestResult)[pri:0, instance:testscript.LoginTest@5f049ea1]" started-at="2026-01-02T11:56:42 IST" name="browserQuit" finished-at="2026-01-02T11:56:42 IST" duration-ms="2" status="PASS">
          <params>
            <param index="0">
              <value>
                <![CDATA[[TestResult name=verifyTheUserIsAbleToLoginWithValidCredentials status=SUCCESS method=LoginTest.verifyTheUserIsAbleToLoginWithValidCredentials()[pri:1, instance:testscript.LoginTest@5f049ea1] output={null}]]]>
              </value>
            </param>
          </params>
          <reporter-output>
          </reporter-output>
        </test-method> <!-- browserQuit -->
        <test-method is-config="true" signature="browserInitialization(java.lang.String)[pri:0, instance:testscript.LoginTest@5f049ea1]" started-at="2026-01-02T11:56:42 IST" name="browserInitialization" finished-at="2026-01-02T11:56:44 IST" duration-ms="2171" status="PASS">
          <params>
            <param index="0">
              <value>
                <![CDATA[chrome]]>
              </value>
            </param>
          </params>
          <reporter-output>
          </reporter-output>
        </test-method> <!-- browserInitialization -->
        <test-method signature="verifyTheUserIsAbleToLoginWithIncorrectUsernameIncorrectPin()[pri:4, instance:testscript.LoginTest@5f049ea1]" started-at="2026-01-02T11:56:44 IST" name="verifyTheUserIsAbleToLoginWithIncorrectUsernameIncorrectPin" finished-at="2026-01-02T11:56:45 IST" duration-ms="863" status="PASS">
          <reporter-output>
          </reporter-output>
        </test-method> <!-- verifyTheUserIsAbleToLoginWithIncorrectUsernameIncorrectPin -->
        <test-method is-config="true" signature="browserQuit(org.testng.ITestResult)[pri:0, instance:testscript.LoginTest@5f049ea1]" started-at="2026-01-02T11:56:45 IST" name="browserQuit" finished-at="2026-01-02T11:56:45 IST" duration-ms="1" status="PASS">
          <params>
            <param index="0">
              <value>
                <![CDATA[[TestResult name=verifyTheUserIsAbleToLoginWithIncorrectUsernameIncorrectPin status=SUCCESS method=LoginTest.verifyTheUserIsAbleToLoginWithIncorrectUsernameIncorrectPin()[pri:4, instance:testscript.LoginTest@5f049ea1] output={null}]]]>
              </value>
            </param>
          </params>
          <reporter-output>
          </reporter-output>
        </test-method> <!-- browserQuit -->
      </class> <!-- testscript.LoginTest -->
    </test> <!-- Test -->
  </suite> <!-- Suite -->
</testng-results>
