<?xml version="1.0" encoding="UTF-8"?>
<!-- Generated by org.testng.reporters.JUnitReportReporter -->
<testsuite hostname="DESKTOP-V9UFEOM" failures="0" tests="2" name="testscript.LoginTest" time="8.228" errors="0" timestamp="2026-01-02T11:56:46 IST" skipped="0">
  <testcase classname="testscript.LoginTest" name="verifyTheUserIsAbleToLoginWithValidCredentials" time="5.193"/>
  <testcase classname="testscript.LoginTest" name="verifyTheUserIsAbleToLoginWithIncorrectUsernameIncorrectPin" time="3.035"/>
</testsuite> <!-- testscript.LoginTest -->
