<?xml version="1.0" encoding="UTF-8"?>
<!-- Generated by org.testng.reporters.JUnitXMLReporter -->
<testsuite ignored="2" hostname="DESKTOP-V9UFEOM" failures="0" tests="2" name="Test" time="8.316" errors="0" timestamp="2026-01-02T11:56:46 IST">
  <testcase classname="testscript.LoginTest" name="verifyTheUserIsAbleToLoginWithValidCredentials" time="2.212"/>
  <testcase classname="testscript.LoginTest" name="verifyTheUserIsAbleToLoginWithIncorrectUsernameIncorrectPin" time="0.863"/>
  <testcase classname="testscript.LoginTest" name="verifyTheUserIsAbleToLoginWithIncorrectUsernameCorrectPin" time="0.0">
    <ignored/>
  </testcase> <!-- verifyTheUserIsAbleToLoginWithIncorrectUsernameCorrectPin -->
  <testcase classname="testscript.LoginTest" name="verifyTheUserIsAbleToLoginWithCorrectUsernameIncorrectPin" time="0.0">
    <ignored/>
  </testcase> <!-- verifyTheUserIsAbleToLoginWithCorrectUsernameIncorrectPin -->
</testsuite> <!-- Test -->
