<?xml version="1.0" encoding="UTF-8"?>
<!-- Generated by org.testng.reporters.JUnitXMLReporter -->
<testsuite ignored="0" hostname="DESKTOP-V9UFEOM" failures="0" tests="4" name="Default test" time="14.41" errors="0" timestamp="2025-12-24T11:36:07 IST">
  <testcase classname="testscript.LoginTest" name="verifyTheUserIsAbleToLoginWithValidCredentials" time="2.319"/>
  <testcase classname="testscript.LoginTest" name="verifyTheUserIsAbleToLoginWithIncorrectUsernameCorrectPin" time="0.927"/>
  <testcase classname="testscript.LoginTest" name="verifyTheUserIsAbleToLoginWithCorrectUsernameIncorrectPin" time="0.963"/>
  <testcase classname="testscript.LoginTest" name="verifyTheUserIsAbleToLoginWithIncorrectUsernameIncorrectPin" time="1.04"/>
</testsuite> <!-- Default test -->
