<?xml version="1.0" encoding="UTF-8"?>
<!-- Generated by org.testng.reporters.JUnitReportReporter -->
<testsuite hostname="DESKTOP-V9UFEOM" failures="0" tests="4" name="testscript.DemoClass" time="10.901" errors="0" timestamp="2025-12-17T12:18:13 IST" skipped="0">
  <testcase classname="testscript.DemoClass" name="incorrectUserIncorectPin" time="2.669"/>
  <testcase classname="testscript.DemoClass" name="logIn" time="2.826"/>
  <testcase classname="testscript.DemoClass" name="correctUserIncorectPin" time="3.078"/>
  <testcase classname="testscript.DemoClass" name="incorrectUsercorectPin" time="2.328"/>
</testsuite> <!-- testscript.DemoClass -->
